<?xml version="1.0" encoding="UTF-8"?>
<!-- Generated by org.testng.reporters.JUnitXMLReporter -->
<testsuite hostname="DATNGUYEN" name="Command line test" tests="23" failures="0" timestamp="1 Jun 2017 11:34:24 GMT" time="5.27" errors="0">
  <testcase name="@BeforeMethod setUp" time="0.0" classname="com.websystique.springmvc.dao.EmployeeDaoImplTest">
    <failure type="org.dbunit.dataset.NoSuchColumnException" message="employee.JOINING_DATE">
      <![CDATA[org.dbunit.dataset.NoSuchColumnException: employee.JOINING_DATE
	at org.dbunit.operation.AbstractOperation.getOperationMetaData(AbstractOperation.java:71)
	at org.dbunit.operation.AbstractBatchOperation.execute(AbstractBatchOperation.java:130)
	at org.dbunit.operation.CompositeOperation.execute(CompositeOperation.java:67)
	at com.websystique.springmvc.dao.EntityDaoImplTest.setUp(EntityDaoImplTest.java:27)
... Removed 36 stack frames]]>
    </failure>
  </testcase> <!-- @BeforeMethod setUp -->
  <testcase name="@BeforeMethod springTestContextBeforeTestMethod" time="0.0" classname="com.websystique.springmvc.dao.EmployeeDaoImplTest">
    <skipped/>
  </testcase> <!-- @BeforeMethod springTestContextBeforeTestMethod -->
  <testcase name="@BeforeMethod setUp" time="0.0" classname="com.websystique.springmvc.dao.EmployeeDaoImplTest">
    <skipped/>
  </testcase> <!-- @BeforeMethod setUp -->
  <testcase name="@BeforeMethod springTestContextBeforeTestMethod" time="0.0" classname="com.websystique.springmvc.dao.EmployeeDaoImplTest">
    <skipped/>
  </testcase> <!-- @BeforeMethod springTestContextBeforeTestMethod -->
  <testcase name="@BeforeMethod setUp" time="0.0" classname="com.websystique.springmvc.dao.EmployeeDaoImplTest">
    <skipped/>
  </testcase> <!-- @BeforeMethod setUp -->
  <testcase name="@BeforeMethod springTestContextBeforeTestMethod" time="0.0" classname="com.websystique.springmvc.dao.EmployeeDaoImplTest">
    <skipped/>
  </testcase> <!-- @BeforeMethod springTestContextBeforeTestMethod -->
  <testcase name="@BeforeMethod setUp" time="0.0" classname="com.websystique.springmvc.dao.EmployeeDaoImplTest">
    <skipped/>
  </testcase> <!-- @BeforeMethod setUp -->
  <testcase name="@BeforeMethod springTestContextBeforeTestMethod" time="0.0" classname="com.websystique.springmvc.dao.EmployeeDaoImplTest">
    <skipped/>
  </testcase> <!-- @BeforeMethod springTestContextBeforeTestMethod -->
  <testcase name="@BeforeMethod setUp" time="0.0" classname="com.websystique.springmvc.dao.EmployeeDaoImplTest">
    <skipped/>
  </testcase> <!-- @BeforeMethod setUp -->
  <testcase name="@BeforeMethod springTestContextBeforeTestMethod" time="0.0" classname="com.websystique.springmvc.dao.EmployeeDaoImplTest">
    <skipped/>
  </testcase> <!-- @BeforeMethod springTestContextBeforeTestMethod -->
  <testcase name="@BeforeMethod setUp" time="0.0" classname="com.websystique.springmvc.dao.EmployeeDaoImplTest">
    <skipped/>
  </testcase> <!-- @BeforeMethod setUp -->
  <testcase name="deleteEmployee" time="0.034" classname="com.websystique.springmvc.controller.AppControllerTest"/>
  <testcase name="editEmployee" time="0.037" classname="com.websystique.springmvc.controller.AppControllerTest"/>
  <testcase name="listEmployees" time="0.016" classname="com.websystique.springmvc.controller.AppControllerTest"/>
  <testcase name="newEmployee" time="0.0" classname="com.websystique.springmvc.controller.AppControllerTest"/>
  <testcase name="saveEmployeeWithSuccess" time="0.001" classname="com.websystique.springmvc.controller.AppControllerTest"/>
  <testcase name="saveEmployeeWithValidationError" time="0.0" classname="com.websystique.springmvc.controller.AppControllerTest"/>
  <testcase name="saveEmployeeWithValidationErrorNonUniqueSSN" time="0.002" classname="com.websystique.springmvc.controller.AppControllerTest"/>
  <testcase name="updateEmployeeWithSuccess" time="0.001" classname="com.websystique.springmvc.controller.AppControllerTest"/>
  <testcase name="updateEmployeeWithValidationError" time="0.001" classname="com.websystique.springmvc.controller.AppControllerTest"/>
  <testcase name="updateEmployeeWithValidationErrorNonUniqueSSN" time="0.001" classname="com.websystique.springmvc.controller.AppControllerTest"/>
  <testcase name="deleteEmployeeByInvalidSsn" time="0.0" classname="com.websystique.springmvc.dao.EmployeeDaoImplTest">
    <skipped/>
  </testcase> <!-- deleteEmployeeByInvalidSsn -->
  <testcase name="deleteEmployeeBySsn" time="0.0" classname="com.websystique.springmvc.dao.EmployeeDaoImplTest">
    <skipped/>
  </testcase> <!-- deleteEmployeeBySsn -->
  <testcase name="findAllEmployees" time="0.0" classname="com.websystique.springmvc.dao.EmployeeDaoImplTest">
    <skipped/>
  </testcase> <!-- findAllEmployees -->
  <testcase name="findById" time="0.0" classname="com.websystique.springmvc.dao.EmployeeDaoImplTest">
    <skipped/>
  </testcase> <!-- findById -->
  <testcase name="findEmployeeBySsn" time="0.0" classname="com.websystique.springmvc.dao.EmployeeDaoImplTest">
    <skipped/>
  </testcase> <!-- findEmployeeBySsn -->
  <testcase name="saveEmployee" time="0.0" classname="com.websystique.springmvc.dao.EmployeeDaoImplTest">
    <skipped/>
  </testcase> <!-- saveEmployee -->
  <testcase name="deleteEmployeeBySsn" time="0.0" classname="com.websystique.springmvc.service.EmployeeServiceImplTest"/>
  <testcase name="findAllEmployees" time="0.0" classname="com.websystique.springmvc.service.EmployeeServiceImplTest"/>
  <testcase name="findById" time="0.001" classname="com.websystique.springmvc.service.EmployeeServiceImplTest"/>
  <testcase name="findEmployeeBySsn" time="0.0" classname="com.websystique.springmvc.service.EmployeeServiceImplTest"/>
  <testcase name="isEmployeeSsnUnique" time="0.0" classname="com.websystique.springmvc.service.EmployeeServiceImplTest"/>
  <testcase name="saveEmployee" time="0.0" classname="com.websystique.springmvc.service.EmployeeServiceImplTest"/>
  <testcase name="updateEmployee" time="0.002" classname="com.websystique.springmvc.service.EmployeeServiceImplTest"/>
</testsuite> <!-- Command line test -->
