<?xml version="1.0" encoding="UTF-8" ?>
<testsuite tests="34" failures="1" name="TestSuite" time="4.444" errors="0" skipped="16">
  <properties>
[...]
</properties>
  <testcase classname="com.websystique.springmvc.controller.AppControllerTest" name="deleteEmployee" time="0.035"/>
  <testcase classname="com.websystique.springmvc.controller.AppControllerTest" name="editEmployee" time="0.036"/>
  <testcase classname="com.websystique.springmvc.controller.AppControllerTest" name="listEmployees" time="0.016"/>
  <testcase classname="com.websystique.springmvc.controller.AppControllerTest" name="newEmployee" time="0.001"/>
  <testcase classname="com.websystique.springmvc.controller.AppControllerTest" name="saveEmployeeWithSuccess" time="0.001"/>
  <testcase classname="com.websystique.springmvc.controller.AppControllerTest" name="saveEmployeeWithValidationError" time="0"/>
  <testcase classname="com.websystique.springmvc.controller.AppControllerTest" name="saveEmployeeWithValidationErrorNonUniqueSSN" time="0.001"/>
  <testcase classname="com.websystique.springmvc.controller.AppControllerTest" name="updateEmployeeWithSuccess" time="0.001"/>
  <testcase classname="com.websystique.springmvc.controller.AppControllerTest" name="updateEmployeeWithValidationError" time="0"/>
  <testcase classname="com.websystique.springmvc.controller.AppControllerTest" name="updateEmployeeWithValidationErrorNonUniqueSSN" time="0.001"/>
  <testcase classname="com.websystique.springmvc.dao.EmployeeDaoImplTest" name="setUp" time="4.286">
    <failure message="employee.JOINING_DATE" type="org.dbunit.dataset.NoSuchColumnException">org.dbunit.dataset.NoSuchColumnException: employee.JOINING_DATE
	at org.dbunit.operation.AbstractOperation.getOperationMetaData(AbstractOperation.java:71)
	at org.dbunit.operation.AbstractBatchOperation.execute(AbstractBatchOperation.java:130)
	at org.dbunit.operation.CompositeOperation.execute(CompositeOperation.java:67)
	at com.websystique.springmvc.dao.EntityDaoImplTest.setUp(EntityDaoImplTest.java:27)
	at sun.reflect.NativeMethodAccessorImpl.invoke0(Native Method)
	at sun.reflect.NativeMethodAccessorImpl.invoke(NativeMethodAccessorImpl.java:62)
	at sun.reflect.DelegatingMethodAccessorImpl.invoke(DelegatingMethodAccessorImpl.java:43)
	at java.lang.reflect.Method.invoke(Method.java:498)
	at org.testng.internal.MethodInvocationHelper.invokeMethod(MethodInvocationHelper.java:85)
	at org.testng.internal.Invoker.invokeConfigurationMethod(Invoker.java:517)
	at org.testng.internal.Invoker.invokeConfigurations(Invoker.java:213)
	at org.testng.internal.Invoker.invokeMethod(Invoker.java:601)
	at org.testng.internal.Invoker.invokeTestMethod(Invoker.java:845)
	at org.testng.internal.Invoker.invokeTestMethods(Invoker.java:1153)
	at org.testng.internal.TestMethodWorker.invokeTestMethods(TestMethodWorker.java:125)
	at org.testng.internal.TestMethodWorker.run(TestMethodWorker.java:108)
	at org.testng.TestRunner.privateRun(TestRunner.java:771)
	at org.testng.TestRunner.run(TestRunner.java:621)
	at org.testng.SuiteRunner.runTest(SuiteRunner.java:357)
	at org.testng.SuiteRunner.runSequentially(SuiteRunner.java:352)
	at org.testng.SuiteRunner.privateRun(SuiteRunner.java:310)
	at org.testng.SuiteRunner.run(SuiteRunner.java:259)
	at org.testng.SuiteRunnerWorker.runSuite(SuiteRunnerWorker.java:52)
	at org.testng.SuiteRunnerWorker.run(SuiteRunnerWorker.java:86)
	at org.testng.TestNG.runSuitesSequentially(TestNG.java:1199)
	at org.testng.TestNG.runSuitesLocally(TestNG.java:1124)
	at org.testng.TestNG.run(TestNG.java:1032)
	at org.apache.maven.surefire.testng.TestNGExecutor.run(TestNGExecutor.java:77)
	at org.apache.maven.surefire.testng.TestNGDirectoryTestSuite.executeMulti(TestNGDirectoryTestSuite.java:159)
	at org.apache.maven.surefire.testng.TestNGDirectoryTestSuite.execute(TestNGDirectoryTestSuite.java:99)
	at org.apache.maven.surefire.testng.TestNGProvider.invoke(TestNGProvider.java:106)
	at sun.reflect.NativeMethodAccessorImpl.invoke0(Native Method)
	at sun.reflect.NativeMethodAccessorImpl.invoke(NativeMethodAccessorImpl.java:62)
	at sun.reflect.DelegatingMethodAccessorImpl.invoke(DelegatingMethodAccessorImpl.java:43)
	at java.lang.reflect.Method.invoke(Method.java:498)
	at org.apache.maven.surefire.util.ReflectionUtils.invokeMethodWithArray(ReflectionUtils.java:189)
	at org.apache.maven.surefire.booter.ProviderFactory$ProviderProxy.invoke(ProviderFactory.java:165)
	at org.apache.maven.surefire.booter.ProviderFactory.invokeProvider(ProviderFactory.java:85)
	at org.apache.maven.surefire.booter.ForkedBooter.runSuitesInProcess(ForkedBooter.java:115)
	at org.apache.maven.surefire.booter.ForkedBooter.main(ForkedBooter.java:75)
</failure>
    <system-err>Jun 01, 2017 6:34:19 PM org.springframework.context.support.GenericApplicationContext prepareRefresh
INFO: Refreshing org.springframework.context.support.GenericApplicationContext@1139b2f3: startup date [Thu Jun 01 18:34:19 ICT 2017]; root of context hierarchy
Jun 01, 2017 6:34:20 PM org.springframework.jdbc.datasource.DriverManagerDataSource setDriverClassName
INFO: Loaded JDBC driver: org.h2.Driver
Jun 01, 2017 6:34:21 PM org.hibernate.annotations.common.reflection.java.JavaReflectionManager &lt;clinit&gt;
INFO: HCANN000001: Hibernate Commons Annotations {4.0.5.Final}
Jun 01, 2017 6:34:21 PM org.hibernate.Version logVersion
INFO: HHH000412: Hibernate Core {4.3.6.Final}
Jun 01, 2017 6:34:21 PM org.hibernate.cfg.Environment &lt;clinit&gt;
INFO: HHH000206: hibernate.properties not found
Jun 01, 2017 6:34:21 PM org.hibernate.cfg.Environment buildBytecodeProvider
INFO: HHH000021: Bytecode provider name : javassist
Jun 01, 2017 6:34:22 PM org.hibernate.dialect.Dialect &lt;init&gt;
INFO: HHH000400: Using dialect: org.hibernate.dialect.H2Dialect
Jun 01, 2017 6:34:22 PM org.hibernate.engine.transaction.internal.TransactionFactoryInitiator initiateService
INFO: HHH000399: Using default transaction strategy (direct JDBC transactions)
Jun 01, 2017 6:34:22 PM org.hibernate.hql.internal.ast.ASTQueryTranslatorFactory &lt;init&gt;
INFO: HHH000397: Using ASTQueryTranslatorFactory
Jun 01, 2017 6:34:22 PM org.hibernate.validator.internal.util.Version &lt;clinit&gt;
INFO: HV000001: Hibernate Validator 5.1.3.Final
Jun 01, 2017 6:34:23 PM org.hibernate.tool.hbm2ddl.SchemaExport execute
INFO: HHH000227: Running hbm2ddl schema export
Jun 01, 2017 6:34:23 PM org.hibernate.tool.hbm2ddl.SchemaExport execute
INFO: HHH000230: Schema export complete
Jun 01, 2017 6:34:23 PM org.springframework.orm.hibernate4.HibernateTransactionManager afterPropertiesSet
INFO: Using DataSource [org.springframework.jdbc.datasource.DriverManagerDataSource@1a5b8489] of Hibernate SessionFactory for HibernateTransactionManager
Jun 01, 2017 6:34:23 PM org.springframework.test.context.transaction.TransactionalTestExecutionListener startNewTransaction
INFO: Began transaction (1) for test context [DefaultTestContext@8a62297 testClass = EmployeeDaoImplTest, testInstance = com.websystique.springmvc.dao.EmployeeDaoImplTest@4bbfb90a, testMethod = deleteEmployeeByInvalidSsn@EmployeeDaoImplTest, testException = [null], mergedContextConfiguration = [MergedContextConfiguration@61a91912 testClass = EmployeeDaoImplTest, locations = &apos;{}&apos;, classes = &apos;{class com.websystique.springmvc.configuration.HibernateTestConfiguration}&apos;, contextInitializerClasses = &apos;[]&apos;, activeProfiles = &apos;{}&apos;, contextLoader = &apos;org.springframework.test.context.support.DelegatingSmartContextLoader&apos;, parent = [null]]]; transaction manager [org.springframework.orm.hibernate4.HibernateTransactionManager@1763992e]; rollback [true]
</system-err>
  </testcase>
  <testcase classname="com.websystique.springmvc.dao.EmployeeDaoImplTest" name="deleteEmployeeByInvalidSsn" time="0">
    <skipped/>
  </testcase>
  <testcase classname="com.websystique.springmvc.dao.EmployeeDaoImplTest" name="springTestContextBeforeTestMethod" time="0.022">
    <skipped/>
    <system-err>Jun 01, 2017 6:34:24 PM org.springframework.test.context.transaction.TransactionalTestExecutionListener endTransaction
INFO: Rolled back transaction after test execution for test context [DefaultTestContext@8a62297 testClass = EmployeeDaoImplTest, testInstance = com.websystique.springmvc.dao.EmployeeDaoImplTest@4bbfb90a, testMethod = deleteEmployeeByInvalidSsn@EmployeeDaoImplTest, testException = [null], mergedContextConfiguration = [MergedContextConfiguration@61a91912 testClass = EmployeeDaoImplTest, locations = &apos;{}&apos;, classes = &apos;{class com.websystique.springmvc.configuration.HibernateTestConfiguration}&apos;, contextInitializerClasses = &apos;[]&apos;, activeProfiles = &apos;{}&apos;, contextLoader = &apos;org.springframework.test.context.support.DelegatingSmartContextLoader&apos;, parent = [null]]]
</system-err>
  </testcase>
  <testcase classname="com.websystique.springmvc.dao.EmployeeDaoImplTest" name="setUp" time="0.023">
    <skipped/>
  </testcase>
  <testcase classname="com.websystique.springmvc.dao.EmployeeDaoImplTest" name="deleteEmployeeBySsn" time="0">
    <skipped/>
  </testcase>
  <testcase classname="com.websystique.springmvc.dao.EmployeeDaoImplTest" name="springTestContextBeforeTestMethod" time="0.009">
    <skipped/>
  </testcase>
  <testcase classname="com.websystique.springmvc.dao.EmployeeDaoImplTest" name="setUp" time="0.009">
    <skipped/>
  </testcase>
  <testcase classname="com.websystique.springmvc.dao.EmployeeDaoImplTest" name="findAllEmployees" time="0">
    <skipped/>
  </testcase>
  <testcase classname="com.websystique.springmvc.dao.EmployeeDaoImplTest" name="springTestContextBeforeTestMethod" time="0">
    <skipped/>
  </testcase>
  <testcase classname="com.websystique.springmvc.dao.EmployeeDaoImplTest" name="setUp" time="0">
    <skipped/>
  </testcase>
  <testcase classname="com.websystique.springmvc.dao.EmployeeDaoImplTest" name="findById" time="0">
    <skipped/>
  </testcase>
  <testcase classname="com.websystique.springmvc.dao.EmployeeDaoImplTest" name="springTestContextBeforeTestMethod" time="0">
    <skipped/>
  </testcase>
  <testcase classname="com.websystique.springmvc.dao.EmployeeDaoImplTest" name="setUp" time="0">
    <skipped/>
  </testcase>
  <testcase classname="com.websystique.springmvc.dao.EmployeeDaoImplTest" name="findEmployeeBySsn" time="0">
    <skipped/>
  </testcase>
  <testcase classname="com.websystique.springmvc.dao.EmployeeDaoImplTest" name="springTestContextBeforeTestMethod" time="0">
    <skipped/>
  </testcase>
  <testcase classname="com.websystique.springmvc.dao.EmployeeDaoImplTest" name="setUp" time="0">
    <skipped/>
  </testcase>
  <testcase classname="com.websystique.springmvc.dao.EmployeeDaoImplTest" name="saveEmployee" time="0">
    <skipped/>
  </testcase>
  <testcase classname="com.websystique.springmvc.service.EmployeeServiceImplTest" name="deleteEmployeeBySsn" time="0.001"/>
  <testcase classname="com.websystique.springmvc.service.EmployeeServiceImplTest" name="findAllEmployees" time="0"/>
  <testcase classname="com.websystique.springmvc.service.EmployeeServiceImplTest" name="findById" time="0.001"/>
  <testcase classname="com.websystique.springmvc.service.EmployeeServiceImplTest" name="findEmployeeBySsn" time="0"/>
  <testcase classname="com.websystique.springmvc.service.EmployeeServiceImplTest" name="isEmployeeSsnUnique" time="0"/>
  <testcase classname="com.websystique.springmvc.service.EmployeeServiceImplTest" name="saveEmployee" time="0.001"/>
  <testcase classname="com.websystique.springmvc.service.EmployeeServiceImplTest" name="updateEmployee" time="0"/>
</testsuite>